<?xml version="1.0" encoding="UTF-8"?>
<!-- Generated by org.testng.reporters.JUnitReportReporter -->
<testsuite hostname="LAPTOP-EJ0A88JD" failures="0" tests="1" name="AppiumExample.AppiumExample.FirstTest" time="23.774" errors="0" timestamp="2022-02-09T11:46:32 IST" skipped="0">
  <testcase classname="AppiumExample.AppiumExample.FirstTest" name="myTest4" time="23.774"/>
  <system-out/>
</testsuite> <!-- AppiumExample.AppiumExample.FirstTest -->
