<?xml version="1.0" encoding="UTF-8"?>
<!-- Generated by org.testng.reporters.JUnitReportReporter -->
<testsuite hostname="LAPTOP-EJ0A88JD" failures="0" tests="1" name="AppiumExample.AppiumExample.AppiumDemoAPK" time="32.943" errors="0" timestamp="2022-02-12T23:15:56 IST" skipped="0">
  <testcase classname="AppiumExample.AppiumExample.AppiumDemoAPK" name="seekBarTest" time="32.943"/>
  <system-out/>
</testsuite> <!-- AppiumExample.AppiumExample.AppiumDemoAPK -->
